Using pre-set license
Built from '2020.3/staging' branch; Version is '2020.3.25f1 (9b9180224418) revision 10195328'; Using compiler version '192528614'; Build Type 'Release'
OS: 'Windows 11  (10.0.22000) 64bit Core' Language: 'en' Physical Memory: 32619 MB
BatchMode: 1, IsHumanControllingUs: 0, StartBugReporterOnCrash: 0, Is64bit: 1, IsPro: 0

COMMAND LINE ARGUMENTS:
C:\Program Files\Unity\2020.3.25f1\Editor\Unity.exe
-adb2
-batchMode
-noUpm
-name
AssetImportWorker0
-projectPath
C:/Users/skyro/Documents/GitHub/MTEC-2120-Intro
-logFile
Logs/AssetImportWorker0.log
-srvPort
55467
Successfully changed project path to: C:/Users/skyro/Documents/GitHub/MTEC-2120-Intro
C:/Users/skyro/Documents/GitHub/MTEC-2120-Intro
Using Asset Import Pipeline V2.
Refreshing native plugins compatible for Editor in 87.60 ms, found 7 plugins.
Preloading 0 native plugins for Editor in 0.00 ms.
Initialize engine version: 2020.3.25f1 (9b9180224418)
[Subsystems] Discovering subsystems at path C:/Program Files/Unity/2020.3.25f1/Editor/Data/Resources/UnitySubsystems
[Subsystems] Discovering subsystems at path C:/Users/skyro/Documents/GitHub/MTEC-2120-Intro/Assets
GfxDevice: creating device client; threaded=0
Direct3D:
    Version:  Direct3D 11.0 [level 11.1]
    Renderer: NVIDIA GeForce RTX 3070 (ID=0x2484)
    Vendor:   
    VRAM:     8043 MB
    Driver:   30.0.14.7141
Initialize mono
Mono path[0] = 'C:/Program Files/Unity/2020.3.25f1/Editor/Data/Managed'
Mono path[1] = 'C:/Program Files/Unity/2020.3.25f1/Editor/Data/MonoBleedingEdge/lib/mono/unityjit'
Mono config path = 'C:/Program Files/Unity/2020.3.25f1/Editor/Data/MonoBleedingEdge/etc'
Using monoOptions --debugger-agent=transport=dt_socket,embedding=1,server=y,suspend=n,address=127.0.0.1:56968
Begin MonoManager ReloadAssembly
Registering precompiled unity dll's ...
Register platform support module: C:/Program Files/Unity/2020.3.25f1/Editor/Data/PlaybackEngines/WebGLSupport/UnityEditor.WebGL.Extensions.dll
Register platform support module: C:/Program Files/Unity/2020.3.25f1/Editor/Data/PlaybackEngines/MacStandaloneSupport/UnityEditor.OSXStandalone.Extensions.dll
Register platform support module: C:/Program Files/Unity/2020.3.25f1/Editor/Data/PlaybackEngines/WindowsStandaloneSupport/UnityEditor.WindowsStandalone.Extensions.dll
Register platform support module: C:/Program Files/Unity/2020.3.25f1/Editor/Data/PlaybackEngines/LuminSupport/UnityEditor.Lumin.Extensions.dll
Registered in 0.001867 seconds.
Native extension for Lumin target not found
Native extension for WindowsStandalone target not found
Native extension for OSXStandalone target not found
Native extension for WebGL target not found
Refreshing native plugins compatible for Editor in 77.77 ms, found 7 plugins.
Preloading 0 native plugins for Editor in 0.00 ms.
Mono: successfully reloaded assembly
- Completed reload, in  0.605 seconds
Domain Reload Profiling:
	ReloadAssembly (605ms)
		BeginReloadAssembly (53ms)
			ExecutionOrderSort (0ms)
			DisableScriptedObjects (0ms)
			BackupInstance (0ms)
			ReleaseScriptingObjects (0ms)
			CreateAndSetChildDomain (1ms)
		EndReloadAssembly (479ms)
			LoadAssemblies (52ms)
			RebuildTransferFunctionScriptingTraits (0ms)
			SetupTypeCache (142ms)
			ReleaseScriptCaches (0ms)
			RebuildScriptCaches (28ms)
			SetupLoadedEditorAssemblies (204ms)
				LogAssemblyErrors (0ms)
				InitializePlatformSupportModulesInManaged (6ms)
				SetLoadedEditorAssemblies (0ms)
				RefreshPlugins (78ms)
				BeforeProcessingInitializeOnLoad (16ms)
				ProcessInitializeOnLoadAttributes (76ms)
				ProcessInitializeOnLoadMethodAttributes (28ms)
				AfterProcessingInitializeOnLoad (0ms)
				EditorAssembliesLoaded (0ms)
			ExecutionOrderSort2 (0ms)
			AwakeInstancesAfterBackupRestoration (0ms)
Platform modules already initialized, skipping
Registering precompiled user dll's ...
Registered in 0.004206 seconds.
Begin MonoManager ReloadAssembly
Native extension for Lumin target not found
Native extension for WindowsStandalone target not found
Native extension for OSXStandalone target not found
Native extension for WebGL target not found
Refreshing native plugins compatible for Editor in 137.87 ms, found 7 plugins.
Preloading 0 native plugins for Editor in 0.00 ms.
Mono: successfully reloaded assembly
- Completed reload, in  2.664 seconds
Domain Reload Profiling:
	ReloadAssembly (2666ms)
		BeginReloadAssembly (166ms)
			ExecutionOrderSort (0ms)
			DisableScriptedObjects (6ms)
			BackupInstance (0ms)
			ReleaseScriptingObjects (0ms)
			CreateAndSetChildDomain (23ms)
		EndReloadAssembly (2410ms)
			LoadAssemblies (117ms)
			RebuildTransferFunctionScriptingTraits (0ms)
			SetupTypeCache (595ms)
			ReleaseScriptCaches (2ms)
			RebuildScriptCaches (125ms)
			SetupLoadedEditorAssemblies (1370ms)
				LogAssemblyErrors (0ms)
				InitializePlatformSupportModulesInManaged (8ms)
				SetLoadedEditorAssemblies (0ms)
				RefreshPlugins (138ms)
				BeforeProcessingInitializeOnLoad (178ms)
				ProcessInitializeOnLoadAttributes (1026ms)
				ProcessInitializeOnLoadMethodAttributes (13ms)
				AfterProcessingInitializeOnLoad (5ms)
				EditorAssembliesLoaded (0ms)
			ExecutionOrderSort2 (0ms)
			AwakeInstancesAfterBackupRestoration (6ms)
Platform modules already initialized, skipping
========================================================================
Worker process is ready to serve import requests
Launched and connected shader compiler UnityShaderCompiler.exe after 0.12 seconds
Refreshing native plugins compatible for Editor in 1.28 ms, found 7 plugins.
Preloading 0 native plugins for Editor in 0.00 ms.
Unloading 3765 Unused Serialized files (Serialized files now loaded: 0)
System memory in use before: 181.1 MB.
System memory in use after: 181.1 MB.

Unloading 51 unused Assets to reduce memory usage. Loaded Objects now: 4220.
Total: 4.665900 ms (FindLiveObjects: 0.382900 ms CreateObjectMapping: 0.252500 ms MarkObjects: 3.812500 ms  DeleteObjects: 0.216400 ms)

AssetImportParameters requested are different than current active one (requested -> active):
  custom:framework-win-MediaFoundation: 216162199b28c13a410421893ffa2e32 -> 
  custom:video-decoder-ogg-theora: a1e56fd34408186e4bbccfd4996cb3dc -> 
  custom:container-muxer-webm: aa71ff27fc2769a1b78a27578f13a17b -> 
  custom:container-demuxer-webm: 4f35f7cbe854078d1ac9338744f61a02 -> 
  custom:container-demuxer-ogg: 62fdf1f143b41e24485cea50d1cbac27 -> 
  custom:video-encoder-webm-vp8: eb34c28f22e8b96e1ab97ce403110664 -> 
  custom:video-decoder-webm-vp8: 9c59270c3fd7afecdb556c50c9e8de78 -> 
  custom:audio-decoder-ogg-vorbis: bf7c407c2cedff20999df2af8eb42d56 -> 
  custom:audio-encoder-webm-vorbis: bf7c407c2cedff20999df2af8eb42d56 -> 
========================================================================
Received Import Request.
  path: Assets/Pocket Portal VR/Demo/Prefabs/Rock.prefab
  artifactKey: Guid(aea485dd553f24315be0a9878c93ad3c) Importer(815301076,1909f56bfc062723c751e8b465ee728b)
Start importing Assets/Pocket Portal VR/Demo/Prefabs/Rock.prefab using Guid(aea485dd553f24315be0a9878c93ad3c) Importer(815301076,1909f56bfc062723c751e8b465ee728b)  -> (artifact id: 'e7b3d8475469c3244e1031ae9f05094e') in 0.335646 seconds 
  Import took 0.344050 seconds .

========================================================================
Received Import Request.
  Time since last request: 0.001067 seconds.
  path: Assets/Pocket Portal VR/Demo/Prefabs/tree.prefab
  artifactKey: Guid(961fed74c1ef74da3a6f0d2bf294bfb4) Importer(815301076,1909f56bfc062723c751e8b465ee728b)
Start importing Assets/Pocket Portal VR/Demo/Prefabs/tree.prefab using Guid(961fed74c1ef74da3a6f0d2bf294bfb4) Importer(815301076,1909f56bfc062723c751e8b465ee728b)  -> (artifact id: 'eb50b0b41ea8e46de0f0c2dcae3c70ee') in 0.116189 seconds 
  Import took 0.124189 seconds .

========================================================================
Received Import Request.
  Time since last request: 0.000166 seconds.
  path: Assets/Pocket Portal VR/Demo/Prefabs/Bush.prefab
  artifactKey: Guid(0315ee215a5da4060a7ca61c1a227a39) Importer(815301076,1909f56bfc062723c751e8b465ee728b)
Start importing Assets/Pocket Portal VR/Demo/Prefabs/Bush.prefab using Guid(0315ee215a5da4060a7ca61c1a227a39) Importer(815301076,1909f56bfc062723c751e8b465ee728b)  -> (artifact id: 'd3e70cc017d454ac756e8f47917283ae') in 0.037917 seconds 
  Import took 0.047717 seconds .

========================================================================
Received Import Request.
  Time since last request: 0.000189 seconds.
  path: Assets/Pocket Portal VR/Demo/Prefabs/AR Default Plane.prefab
  artifactKey: Guid(73a2d9e3b79554155ab829b3f4a8bc4a) Importer(815301076,1909f56bfc062723c751e8b465ee728b)
Start importing Assets/Pocket Portal VR/Demo/Prefabs/AR Default Plane.prefab using Guid(73a2d9e3b79554155ab829b3f4a8bc4a) Importer(815301076,1909f56bfc062723c751e8b465ee728b)  -> (artifact id: '41e2417762795598fe57cc7d8879b1db') in 0.024161 seconds 
  Import took 0.033988 seconds .

========================================================================
Received Import Request.
  Time since last request: 0.000181 seconds.
  path: Assets/Pocket Portal VR/Demo/Prefabs/AR Default Point Cloud.prefab
  artifactKey: Guid(15d93af9049e54d68bb9a2a8968c8bbd) Importer(815301076,1909f56bfc062723c751e8b465ee728b)
Start importing Assets/Pocket Portal VR/Demo/Prefabs/AR Default Point Cloud.prefab using Guid(15d93af9049e54d68bb9a2a8968c8bbd) Importer(815301076,1909f56bfc062723c751e8b465ee728b)  -> (artifact id: '9d55e50b5b6f683a84c62571d415cb33') in 0.033591 seconds 
  Import took 0.043618 seconds .

========================================================================
Received Import Request.
  Time since last request: 0.000138 seconds.
  path: Assets/Pocket Portal VR/Demo/Prefabs/stone.prefab
  artifactKey: Guid(5b5a18f1c49b54923b364f977c64ef82) Importer(815301076,1909f56bfc062723c751e8b465ee728b)
Start importing Assets/Pocket Portal VR/Demo/Prefabs/stone.prefab using Guid(5b5a18f1c49b54923b364f977c64ef82) Importer(815301076,1909f56bfc062723c751e8b465ee728b)  -> (artifact id: '6d542e148c0af562414d8b9070e19086') in 0.025101 seconds 
  Import took 0.033600 seconds .

========================================================================
Received Import Request.
  Time since last request: 38.290927 seconds.
  path: Assets/Pocket Portal VR/Materials/portal.mat
  artifactKey: Guid(1d02a420fadbb4ed2bd6e5f9f17d22cc) Importer(815301076,1909f56bfc062723c751e8b465ee728b)
Start importing Assets/Pocket Portal VR/Materials/portal.mat using Guid(1d02a420fadbb4ed2bd6e5f9f17d22cc) Importer(815301076,1909f56bfc062723c751e8b465ee728b)  -> (artifact id: 'a8e2e41997579618da5d6afc7269bfe6') in 0.051409 seconds 
  Import took 0.058580 seconds .

========================================================================
Received Import Request.
  Time since last request: 0.000141 seconds.
  path: Assets/Pocket Portal VR/Materials/white.mat
  artifactKey: Guid(fff00d253fb894c1f9f9f0f7ab7761de) Importer(815301076,1909f56bfc062723c751e8b465ee728b)
Start importing Assets/Pocket Portal VR/Materials/white.mat using Guid(fff00d253fb894c1f9f9f0f7ab7761de) Importer(815301076,1909f56bfc062723c751e8b465ee728b)  -> (artifact id: 'aeb92b215f9f2a06d7a3b1de861893c8') in 0.097195 seconds 
  Import took 0.103419 seconds .

========================================================================
Received Import Request.
  Time since last request: 1.306071 seconds.
  path: Assets/Pocket Portal VR/Materials/PortalShader.shader
  artifactKey: Guid(322353f5fe0ec4543942822d47145f6e) Importer(815301076,1909f56bfc062723c751e8b465ee728b)
Start importing Assets/Pocket Portal VR/Materials/PortalShader.shader using Guid(322353f5fe0ec4543942822d47145f6e) Importer(815301076,1909f56bfc062723c751e8b465ee728b)  -> (artifact id: '9739dcd3bc3dd3a1b9c4ef8fce861b9b') in 0.007505 seconds 
  Import took 0.012975 seconds .

========================================================================
Received Import Request.
  Time since last request: 4735.603953 seconds.
  path: Assets/Pocket Portal VR/Scripts/CameraExtensions.cs
  artifactKey: Guid(58ea91923ecd14b9e9139b93edc45488) Importer(815301076,1909f56bfc062723c751e8b465ee728b)
Start importing Assets/Pocket Portal VR/Scripts/CameraExtensions.cs using Guid(58ea91923ecd14b9e9139b93edc45488) Importer(815301076,1909f56bfc062723c751e8b465ee728b)  -> (artifact id: '4fbed8299cadfea14b019412af92d03f') in 0.041138 seconds 
  Import took 0.179094 seconds .

========================================================================
Received Import Request.
  Time since last request: 8.776680 seconds.
  path: Assets/Pocket Portal VR/Scripts/ARKitCameraRender.cs
  artifactKey: Guid(91a8f4758c9694ba28027bccb0aaa74d) Importer(815301076,1909f56bfc062723c751e8b465ee728b)
Start importing Assets/Pocket Portal VR/Scripts/ARKitCameraRender.cs using Guid(91a8f4758c9694ba28027bccb0aaa74d) Importer(815301076,1909f56bfc062723c751e8b465ee728b)  -> (artifact id: '652f37cbb2a9a775a73fdc592ba5c69b') in 0.008608 seconds 
  Import took 0.014471 seconds .

========================================================================
Received Import Request.
  Time since last request: 14.365799 seconds.
  path: Assets/Pocket Portal VR/Scripts/MainCameraLayerManager.cs
  artifactKey: Guid(90938262375b74daf8c910eff4792cde) Importer(815301076,1909f56bfc062723c751e8b465ee728b)
Start importing Assets/Pocket Portal VR/Scripts/MainCameraLayerManager.cs using Guid(90938262375b74daf8c910eff4792cde) Importer(815301076,1909f56bfc062723c751e8b465ee728b)  -> (artifact id: '7de02c28033df0a46650f3b8957eb28c') in 0.007221 seconds 
  Import took 0.013150 seconds .

========================================================================
Received Import Request.
  Time since last request: 8.195399 seconds.
  path: Assets/Pocket Portal VR/Scripts/PortalTransitionObject.cs
  artifactKey: Guid(e4432163429ec1d4ca08323dfc728ba1) Importer(815301076,1909f56bfc062723c751e8b465ee728b)
Start importing Assets/Pocket Portal VR/Scripts/PortalTransitionObject.cs using Guid(e4432163429ec1d4ca08323dfc728ba1) Importer(815301076,1909f56bfc062723c751e8b465ee728b)  -> (artifact id: '8e9079de69531a5deda5dfffd5f06a78') in 0.007225 seconds 
  Import took 0.013425 seconds .

========================================================================
Received Import Request.
  Time since last request: 1.923342 seconds.
  path: Assets/Pocket Portal VR/Scripts/MeshDeformerInput.cs
  artifactKey: Guid(9b69390f149d440e6a2b55472b32518c) Importer(815301076,1909f56bfc062723c751e8b465ee728b)
Start importing Assets/Pocket Portal VR/Scripts/MeshDeformerInput.cs using Guid(9b69390f149d440e6a2b55472b32518c) Importer(815301076,1909f56bfc062723c751e8b465ee728b)  -> (artifact id: 'aea998bcab8b81f540fa8c7d331f5eb6') in 0.006718 seconds 
  Import took 0.012209 seconds .

========================================================================
Received Import Request.
  Time since last request: 0.583817 seconds.
  path: Assets/Pocket Portal VR/Scripts/PlaneMeshDeformer.cs
  artifactKey: Guid(e3712b07da4f04f26860652848555ebb) Importer(815301076,1909f56bfc062723c751e8b465ee728b)
Start importing Assets/Pocket Portal VR/Scripts/PlaneMeshDeformer.cs using Guid(e3712b07da4f04f26860652848555ebb) Importer(815301076,1909f56bfc062723c751e8b465ee728b)  -> (artifact id: 'ba092a98ba7d3f5b28c34bcf831b31e9') in 0.007748 seconds 
  Import took 0.013390 seconds .

AssetImportWorkerClient::OnTransportError - code=2 error=End of file
